<?xml version="1.0" encoding="UTF-8"?>
<!-- Generated by org.testng.reporters.JUnitXMLReporter -->
<testsuite ignored="0" hostname="air-m1.local" failures="0" tests="16" name="Surefire test" time="0.03" errors="0" timestamp="2025-10-28T19:36:41 CET">
  <testcase classname="RectangleTestNGTest" name="testConstructorSetLengthWidth" time="0.003"/>
  <testcase classname="RectangleTestNGTest" name="testRectangleArea" time="0.001"/>
  <testcase classname="RectangleTestNGTest" name="testSettersUpdatesValues" time="0.0"/>
  <testcase classname="EvenOddCheckerTestNG" name="testEvenNumber" time="0.001"/>
  <testcase classname="EvenOddCheckerTestNG" name="testNegativeEvenNumber" time="0.0"/>
  <testcase classname="EvenOddCheckerTestNG" name="testNegativeOddNumber" time="0.0"/>
  <testcase classname="EvenOddCheckerTestNG" name="testOddNumber" time="0.0"/>
  <testcase classname="EvenOddCheckerTestNG" name="testZero" time="0.0"/>
  <testcase classname="CalculatorTestNGTest" name="testAdd" time="0.0"/>
  <testcase classname="CalculatorTestNGTest" name="testDivide" time="0.0"/>
  <testcase classname="CalculatorTestNGTest" name="testDivideByZero" time="0.001"/>
  <testcase classname="CalculatorTestNGTest" name="testMultiply" time="0.0"/>
  <testcase classname="CalculatorTestNGTest" name="testSubtract" time="0.0"/>
  <testcase classname="RectangleJUnitTest" name="testConstructorSetLenghWidht" time="0.001"/>
  <testcase classname="RectangleJUnitTest" name="testRectangleArea" time="0.0"/>
  <testcase classname="RectangleJUnitTest" name="testSettersUpdatesValues" time="0.0"/>
</testsuite> <!-- Surefire test -->
