<?xml version="1.0" encoding="UTF-8"?>
<testsuite xmlns:xsi="http://www.w3.org/2001/XMLSchema-instance" xsi:noNamespaceSchemaLocation="https://maven.apache.org/surefire/maven-surefire-plugin/xsd/surefire-test-report.xsd" version="3.0.2" name="TestSuite" time="0.307" tests="26" errors="0" skipped="0" failures="0">
  <properties>
[...]
</properties>
  <testcase name="testConstructorSetLengthWidth" classname="RectangleTestNGTest" time="0.003">
    <system-err><![CDATA[SLF4J: Failed to load class "org.slf4j.impl.StaticLoggerBinder".
SLF4J: Defaulting to no-operation (NOP) logger implementation
SLF4J: See http://www.slf4j.org/codes.html#StaticLoggerBinder for further details.
]]></system-err>
  </testcase>
  <testcase name="testRectangleArea" classname="RectangleTestNGTest" time="0.0"/>
  <testcase name="testSettersUpdatesValues" classname="RectangleTestNGTest" time="0.0"/>
  <testcase name="testEvenNumber" classname="EvenOddCheckerTestNG" time="0.0">
    <system-out><![CDATA[Enter an Integer number:
Entered number is even
]]></system-out>
  </testcase>
  <testcase name="testNegativeEvenNumber" classname="EvenOddCheckerTestNG" time="0.0">
    <system-out><![CDATA[Enter an Integer number:
Entered number is even
]]></system-out>
  </testcase>
  <testcase name="testNegativeOddNumber" classname="EvenOddCheckerTestNG" time="0.0">
    <system-out><![CDATA[Enter an Integer number:
Entered number is odd
]]></system-out>
  </testcase>
  <testcase name="testOddNumber" classname="EvenOddCheckerTestNG" time="0.0">
    <system-out><![CDATA[Enter an Integer number:
Entered number is odd
]]></system-out>
  </testcase>
  <testcase name="testZero" classname="EvenOddCheckerTestNG" time="0.0">
    <system-out><![CDATA[Enter an Integer number:
Entered number is even
]]></system-out>
  </testcase>
  <testcase name="testAdd" classname="CalculatorTestNGTest" time="0.0"/>
  <testcase name="testDivide" classname="CalculatorTestNGTest" time="0.0"/>
  <testcase name="testDivideByZero" classname="CalculatorTestNGTest" time="0.0"/>
  <testcase name="testMultiply" classname="CalculatorTestNGTest" time="0.0"/>
  <testcase name="testSubtract" classname="CalculatorTestNGTest" time="0.0"/>
  <testcase name="testConstructorSetLenghWidht" classname="RectangleJUnitTest" time="0.001"/>
  <testcase name="testRectangleArea" classname="RectangleJUnitTest" time="0.0"/>
  <testcase name="testSettersUpdatesValues" classname="RectangleJUnitTest" time="0.0"/>
  <testcase name="testDivideByZero on testDivideByZero(CalculatorJUnitTest)" classname="CalculatorJUnitTest" time="0.001"/>
  <testcase name="testAdd on testAdd(CalculatorJUnitTest)" classname="CalculatorJUnitTest" time="0.0"/>
  <testcase name="testSubtract on testSubtract(CalculatorJUnitTest)" classname="CalculatorJUnitTest" time="0.0"/>
  <testcase name="testDivide on testDivide(CalculatorJUnitTest)" classname="CalculatorJUnitTest" time="0.0"/>
  <testcase name="testMultiply on testMultiply(CalculatorJUnitTest)" classname="CalculatorJUnitTest" time="0.0"/>
  <testcase name="testNegativeEvenNumber on testNegativeEvenNumber(EvenOddCheckerJUnitTest)" classname="EvenOddCheckerJUnitTest" time="0.0">
    <system-out><![CDATA[Enter an Integer number:
Entered number is even
]]></system-out>
  </testcase>
  <testcase name="testNegativeOddNumber on testNegativeOddNumber(EvenOddCheckerJUnitTest)" classname="EvenOddCheckerJUnitTest" time="0.001">
    <system-out><![CDATA[Enter an Integer number:
Entered number is odd
]]></system-out>
  </testcase>
  <testcase name="testZero on testZero(EvenOddCheckerJUnitTest)" classname="EvenOddCheckerJUnitTest" time="0.0">
    <system-out><![CDATA[Enter an Integer number:
Entered number is even
]]></system-out>
  </testcase>
  <testcase name="testEvenNumber on testEvenNumber(EvenOddCheckerJUnitTest)" classname="EvenOddCheckerJUnitTest" time="0.0">
    <system-out><![CDATA[Enter an Integer number:
Entered number is even
]]></system-out>
  </testcase>
  <testcase name="testOddNumber on testOddNumber(EvenOddCheckerJUnitTest)" classname="EvenOddCheckerJUnitTest" time="0.001">
    <system-out><![CDATA[Enter an Integer number:
Entered number is odd
]]></system-out>
  </testcase>
</testsuite>