<?xml version="1.0" encoding="UTF-8"?>
<!-- Generated by org.testng.reporters.JUnitXMLReporter -->
<testsuite ignored="0" hostname="air-m1.local" failures="0" tests="10" name="Surefire test" time="0.023" errors="0" timestamp="2025-10-28T19:36:41 CET">
  <testcase classname="CalculatorJUnitTest" name="testDivideByZero on testDivideByZero(CalculatorJUnitTest)" time="0.006"/>
  <testcase classname="CalculatorJUnitTest" name="testAdd on testAdd(CalculatorJUnitTest)" time="0.006"/>
  <testcase classname="CalculatorJUnitTest" name="testSubtract on testSubtract(CalculatorJUnitTest)" time="0.006"/>
  <testcase classname="CalculatorJUnitTest" name="testDivide on testDivide(CalculatorJUnitTest)" time="0.006"/>
  <testcase classname="CalculatorJUnitTest" name="testMultiply on testMultiply(CalculatorJUnitTest)" time="0.006"/>
  <testcase classname="EvenOddCheckerJUnitTest" name="testNegativeEvenNumber on testNegativeEvenNumber(EvenOddCheckerJUnitTest)" time="0.001"/>
  <testcase classname="EvenOddCheckerJUnitTest" name="testNegativeOddNumber on testNegativeOddNumber(EvenOddCheckerJUnitTest)" time="0.001"/>
  <testcase classname="EvenOddCheckerJUnitTest" name="testZero on testZero(EvenOddCheckerJUnitTest)" time="0.001"/>
  <testcase classname="EvenOddCheckerJUnitTest" name="testEvenNumber on testEvenNumber(EvenOddCheckerJUnitTest)" time="0.001"/>
  <testcase classname="EvenOddCheckerJUnitTest" name="testOddNumber on testOddNumber(EvenOddCheckerJUnitTest)" time="0.001"/>
</testsuite> <!-- Surefire test -->
